Build started 18/1/2013 6:22:18 μμ.
     1>Project "C:\Users\george.kaimakas\Dropbox\ceid\projects\C++\fB\fB\fB.vcxproj" on node 2 (build target(s)).
     1>PrepareForBuild:
         Creating directory "C:\Users\george.kaimakas\Dropbox\ceid\projects\C++\fB\Debug\".
       InitializeBuildStatus:
         Creating "Debug\fB.unsuccessfulbuild" because "AlwaysCreate" was specified.
       ClCompile:
         c:\Program Files (x86)\Microsoft Visual Studio 10.0\VC\bin\CL.exe /c /ZI /nologo /W3 /WX- /Od /Oy- /D WIN32 /D _DEBUG /D _CONSOLE /D _UNICODE /D UNICODE /Gm /EHsc /RTC1 /MDd /GS /fp:precise /Zc:wchar_t /Zc:forScope /Fo"Debug\\" /Fd"Debug\vc100.pdb" /Gd /TP /analyze- /errorReport:prompt fbInterface.cpp firePlane.cpp fireTruck.cpp main.cpp vehicle.cpp
         fbInterface.cpp
         Generating Code...
         Skipping... (no relevant changes detected)
         vehicle.cpp
         main.cpp
         fireTruck.cpp
         firePlane.cpp
       ManifestResourceCompile:
         All outputs are up-to-date.
       Link:
         c:\Program Files (x86)\Microsoft Visual Studio 10.0\VC\bin\link.exe /ERRORREPORT:PROMPT /OUT:"C:\Users\george.kaimakas\Dropbox\ceid\projects\C++\fB\Debug\fB.exe" /INCREMENTAL /NOLOGO kernel32.lib user32.lib gdi32.lib winspool.lib comdlg32.lib advapi32.lib shell32.lib ole32.lib oleaut32.lib uuid.lib odbc32.lib odbccp32.lib /MANIFEST /ManifestFile:"Debug\fB.exe.intermediate.manifest" /MANIFESTUAC:"level='asInvoker' uiAccess='false'" /DEBUG /PDB:"C:\Users\george.kaimakas\Dropbox\ceid\projects\C++\fB\Debug\fB.pdb" /SUBSYSTEM:CONSOLE /TLBID:1 /DYNAMICBASE /NXCOMPAT /IMPLIB:"C:\Users\george.kaimakas\Dropbox\ceid\projects\C++\fB\Debug\fB.lib" /MACHINE:X86 Debug\fB.exe.embed.manifest.res
         Debug\fbInterface.obj
         Debug\firePlane.obj
         Debug\fireTruck.obj
         Debug\land.obj
         Debug\main.obj
         Debug\terrain.obj
         Debug\vehicle.obj
       Manifest:
         C:\Program Files (x86)\Microsoft SDKs\Windows\v7.0A\bin\mt.exe /nologo /verbose /out:"Debug\fB.exe.embed.manifest" /manifest Debug\fB.exe.intermediate.manifest
         All outputs are up-to-date.
       LinkEmbedManifest:
         All outputs are up-to-date.
         fB.vcxproj -> C:\Users\george.kaimakas\Dropbox\ceid\projects\C++\fB\Debug\fB.exe
       FinalizeBuildStatus:
         Deleting file "Debug\fB.unsuccessfulbuild".
         Touching "Debug\fB.lastbuildstate".
     1>Done Building Project "C:\Users\george.kaimakas\Dropbox\ceid\projects\C++\fB\fB\fB.vcxproj" (build target(s)).

Build succeeded.

Time Elapsed 00:00:07.90
